Added Component: Designator=D1(LED-0)
Added Component: Designator=D2(LED-0)
Added Component: Designator=OLED(HDR1X4)
Added Component: Designator=R1(AXIAL-0.3)
Added Component: Designator=R2(AXIAL-0.3)
Added Component: Designator=WIFI(HDR1X7)
Added Pin To Net: NetName=3V3 Pin=D1-2
Added Pin To Net: NetName=3V3 Pin=D2-2
Added Pin To Net: NetName=3V3 Pin=OLED-4
Added Pin To Net: NetName=3V3 Pin=WIFI-1
Added Pin To Net: NetName=3V3 Pin=WIFI-6
Added Net: Name=3V3
Added Pin To Net: NetName=GND Pin=OLED-3
Added Pin To Net: NetName=GND Pin=WIFI-2
Added Pin To Net: NetName=GND Pin=WIFI-7
Added Net: Name=GND
Added Pin To Net: NetName=LED1 Pin=R1-1
Added Net: Name=LED1
Added Pin To Net: NetName=LED2 Pin=R2-1
Added Net: Name=LED2
Added Pin To Net: NetName=NetD1_1 Pin=D1-1
Added Pin To Net: NetName=NetD1_1 Pin=R1-2
Added Net: Name=NetD1_1
Added Pin To Net: NetName=NetD2_1 Pin=D2-1
Added Pin To Net: NetName=NetD2_1 Pin=R2-2
Added Net: Name=NetD2_1
Added Pin To Net: NetName=RX Pin=WIFI-3
Added Net: Name=RX
Added Pin To Net: NetName=SCL Pin=OLED-2
Added Net: Name=SCL
Added Pin To Net: NetName=SDA Pin=OLED-1
Added Net: Name=SDA
Added Pin To Net: NetName=TX Pin=WIFI-4
Added Net: Name=TX
Added Class: Name=remote
Added Room: Name=remote
